14:45:50.159963] spurn marsala cushy drove emic hows migs
14:45:50.439963] once furans nocks gable brulots doge
14:45:50.520963] lingy tet nubs bog ghibli examen mons
14:45:51.974963] butts djinns ay abelias
14:45:52.008963] deedy opt wry chippy glandes drug
14:45:52.438963] ridgel er cohere pens tondi scry
14:45:53.399963] squarks haars cornice frugal flumes lei euro lye
14:45:53.740963] corymbs risuses filets rex si zines zaps
14:45:54.962963] sowable opiated gander mikvoth land em rede hen orzos
14:45:55.706963] worsen by if docent blocky
14:45:56.674963] Statistics: 13 9 2 1 7
14:45:57.282963] vapor pas bespoke induced you press wen men krimmer ovum
14:45:58.594963] nary oe ax chins oda abri es maria retiles
14:45:59.245963] run depicts ag invests setouts darkey
14:46:00.482963] aa fogger khi cue tor lose bade mossy myc
14:46:01.647963] etch wyles tag dromond ka if infest myc footies
14:46:02.993963] eh sae ye cyme siver rho birkie enzym perpend hewn
14:46:04.400963] Statistics: 5 13 14 8 6
14:46:05.075963] fe mozo stomas aioli bauds
14:46:06.252963] posit jab cull hurly ceorl
14:46:06.665963] coots law recks fuddle pol
14:46:07.134963] apo crap driegh wisent sheets jest bluff abhors tophe
14:46:07.297963] sels striped lead indued boil
14:46:07.708963] jests eyesome wool rat
14:46:08.696963] hovel ex is naw boot
14:46:09.420963] patsies pe wamble
14:46:09.875963] bemixes slummed of yogees ail burqas
14:46:10.243963] mood micas neocon badger gawped
14:46:10.913963] enduro garland roms tenuti pfui pinkos
14:46:12.347963] don bree alley my
14:46:13.698963] bassy gab yods toothed ay vote wo oh
14:46:15.005963] ag implies mocker frocked hoes rink bork
14:46:15.928963] soya demit ya want merger pitmans tyred
14:46:16.528963] duffers it durion intreat dormy caribou his
14:46:17.483963] oi zoa crocs ups pes
14:46:18.248963] theelin es mezuzas giaour reindex konks diode od elect
14:46:18.427963] our carmen tail send lip na yon attorn
14:46:18.813963] Statistics: 3 4 19 9 14
14:46:19.521963] glen no bunion pit psychic eh em yeahs belch smirked
14:46:20.907963] dolor keg reptant gnarls un ged
14:46:21.788963] ha fobs mood pile asp oe losings omits hickie hic
14:46:23.143963] muse hat do kop ae leaners skean
14:46:24.370963] flamer jo bucko graders ah aretes
14:46:24.997963] song nob stat li holks guy ephods pip penni offices
14:46:25.251963] crab pummelo ba
14:46:25.711963] clef lyases me axile
14:46:26.460963] jerkier ova zoo jaups honk dex paik prized dolt ow
14:46:26.706963] ayah telpher el ta gnus gifts shh
14:46:27.236963] me kegging stunt eschews dog go wardens re
14:46:28.360963] sun coenure soothly pastry womb woorali pedal id jot
14:46:29.338963] cowpox colas cervid cage gee schists wryly gutsy zillah augends
14:46:29.953963] Statistics: 3 10 5 16 10
14:46:31.210963] lop quey gloppy knit bo mm
14:46:31.947963] shuls me ed dace ah setoff be
14:46:33.153963] ag linns plugs muscae el refire don bo oh
14:46:33.843963] nilghai lab undue reginal wench kit abo sang
14:46:34.553963] rin mi upsend outleap qi sadi ar happily sayed pee
14:46:35.823963] dom ki on bo gite hast yak bleat loxed savin
14:46:36.753963] virl ghoul he tommed penult sos gox few za
14:46:37.568963] misses louted eyre zebraic fosse used amir hoody hoar za
14:46:38.187963] Statistics: 8 6 14 7 13
14:46:38.865963] shotts locos props cilia beigy wap en
14:46:39.087963] Statistics: 20 10 3 5 7
14:46:39.440963] use boo some el decor forty detent cheep
14:46:40.782963] sly boas pehs pe quay docs
14:46:41.579963] pens brocks burley
14:46:42.331963] nopal solated feck amidase hens soot plywood
14:46:42.508963] fuzils dev cuprite barkeep flaw et hup
14:46:43.070963] jut bints trug impis paragon snye unlace popped ow xu
14:46:44.501963] recruit we rioted ands talks hooka taxless mew fil agonise
14:46:45.425963] yaks schisms hate eths chays mixups
14:46:46.516963] boral deponed spatted dun shoves swimmer pekes la eyecup
14:46:47.452963] lugger as toff salt fan ons dewy
14:46:48.270963] pi legumin apos incant satiate en hadji handles
14:46:48.653963] Statistics: 5 18 8 11 18
14:46:49.204963] at frenums jobbing
14:46:49.631963] bah azido malty goods dhoora
14:46:50.297963] ess yod ef ow tease ti aal
14:46:51.773963] echt got laking wo too chasmic
14:46:52.623963] oi muzzier tapes bombe currach ai magalog boocoo left
14:46:52.978963] raki lense albinos visual poboys ta oh migrate nuder
14:46:54.059963] plasma flosses scope zit
14:46:54.131963] torpor sha mac irk yarns
14:46:54.409963] knee stets poi en solve mayst fice beeps stodges
14:46:55.109963] sunbeam spam canchas quint muntjac sore
14:46:56.320963] tot taxol torsade harkens oft fid
14:46:57.622963] beclog full ectopia tags
14:46:58.236963] nori dusters osar sardius dag germane
14:46:58.426963] oh of sybo whup brents nachas glum ma
14:46:59.575963] incog firth arils ar we unsown
14:46:59.715963] doyen jiao dirty din mic arpens harped moodily eugenic
14:47:00.127963] gazabo porism quagga melds scion twirps rib retypes scut
14:47:01.445963] awesome fraps dah favour bowery ova yolk
14:47:01.994963] crick pam auger misyoke age hazy bratty lurch unrolls ad
14:47:03.309963] vitesse preops ki
14:47:04.128963] copalm grains denar
14:47:04.514963] or ai spoken gae pa wo sty acyls bye bitt
14:47:05.507963] vex vum windbag spryly
14:47:05.713963] chariot enols vox bleeds sonovox sinner em
14:47:06.522963] john coala rif golf sh
14:47:06.773963] demurs petrous reshows totally ax fa wowed an takable natch
14:47:08.270963] gushy demit diffs carps tankers
14:47:08.617963] isohel hoar chiefer mohurs
14:47:08.902963] varus ex ba kerb bugs womyn dekkos
14:47:09.455963] truced goops xu copula un
14:47:10.417963] crummy hi six
14:47:10.910963] skid damsel trams
14:47:11.533963] ye to whoa peewee lain flan chape flukes
14:47:12.402963] bury reseats axe glute snip
14:47:12.957963] moo galop urate hid onshore oh ab em hearers clam
14:47:13.256963] op plowed ay brinish wed koans dunkers jimmy fervors
14:47:13.616963] Statistics: 8 3 19 5 3
14:47:13.961963] aw ged whets oe pis xu mach hm duello labour
14:47:14.872963] Statistics: 12 15 11 2 15
14:47:16.221963] vac daces gyms falcate ballies lo oe rammy
14:47:16.494963] voling fanums beard sharif gyp naled urn leaning gee oi
14:47:16.533963] Statistics: 18 3 16 13 16
