14:45:50.168916] whin biking momenta jet granum draying mib
14:45:51.304916] Statistics: 4 19 14 12 10
14:45:51.991916] fib fob milles scaurs meals ex spoofed achy de modify
14:45:52.971916] porkers op sike xi yeti bot
14:45:54.465916] ag qi wis swindle loper gentil enrich es
14:45:55.315916] er room cists
14:45:56.731916] ho ba er dermas whack sway ag
14:45:57.449916] rums cum modal peyotes
14:45:57.939916] denizen cruces apo myoid wafts milts ha
14:45:58.103916] aim din abates resawn elf hyp ag scalage phooey
14:45:58.589916] ricins mu pest
14:46:00.010916] vas zip bast
14:46:01.218916] yolk of tease
14:46:02.411916] evite tot sauch unrobes haggle
14:46:03.115916] jo vest eat lazing medusae
14:46:04.456916] moused my meeds adeems upstare app so intone
14:46:05.238916] craal us faddy saying gagging
14:46:06.002916] ars lames la damn lav noggins ensued sola
14:46:06.676916] way lands cor gruffy amids pap pech rif neuroma gaggers
14:46:07.346916] jows godown ars ascarid cough creaser midge
14:46:07.922916] crowing sexism ut ah fiesta
14:46:08.245916] mumms aboma sec refelt
14:46:08.694916] urp maximin trio buy fa imp cutout tiddler chitter
14:46:09.288916] ai oar goat luxe isle gey brute
14:46:09.831916] alb bes linkage drafter bummers go centai foetor
14:46:11.062916] Statistics: 4 12 20 3 2
14:46:11.147916] rolfer rimier ihram eme in mawed mo
14:46:11.273916] shy galop ethyl gawk go as
14:46:11.358916] ump quinte clearly
14:46:12.796916] na wo perspex keeked
14:46:12.894916] pushrod sown pied lynched ess yelk bi delays staidly
14:46:13.924916] Statistics: 0 19 1 12 5
14:46:14.006916] bads albino hoy icteric ferule
14:46:14.782916] cola chars faggy babul fytte syn si
14:46:14.968916] ached magi zep fa jag doming jollier gid hotbeds
14:46:16.342916] peel toph lax fowled wapped mend wos lad
14:46:16.572916] cine fugus lazied axles candid pineal
14:46:16.744916] Statistics: 11 7 15 10 11
14:46:18.177916] al spurts notum
14:46:19.200916] pats bot jo yeh efs with aerugos ba pet manitos
14:46:19.962916] marten it sizes latent ogee mizzens za arc nodders trekker
14:46:21.061916] bigs veeps en capped dognap era preys gloggs ho write
14:46:21.221916] decanes chafing reb piper tulips ait syces if puerile turgite
14:46:22.386916] whopped dark kalpa cilia niftier toyo hatband
14:46:23.296916] gulp wasps gie fub plicate bonked ebb ta
14:46:24.625916] as howlers dee
14:46:24.966916] chop white readied oe joe os feu es
14:46:25.412916] Statistics: 13 9 5 1 5
14:46:26.527916] sakes jo coed sockman wail packing vale lino breathe sords
14:46:27.355916] cop os yutz verb ills sri slub
14:46:28.573916] syphs dot anal garage bocci joss ae barbies lyttae
14:46:29.372916] fuel nymph haggada repos jills zombify
14:46:29.678916] sic gag or spewers
14:46:30.708916] si ay do thirsty sedge ria ad juries
14:46:31.457916] ado juicy aerobat burins smolts celt
14:46:31.743916] hong fadable putts bimbo gotten danger tabuing snaw
14:46:32.377916] cola lies gin
14:46:33.376916] Statistics: 6 1 0 16 12
14:46:33.642916] heed dex go unhurt view na boner padre
14:46:34.224916] row down shoo myases squeg awls
14:46:35.345916] urp piqued terrene team if that
14:46:36.518916] dejecta fiz pry urp endmost kingdom ogrish his
14:46:37.011916] ma moas urds litho
14:46:37.370916] uh humic scrams
14:46:37.503916] gae pornos resects ai rung mite peering kheda
14:46:38.093916] duds ti coronae kanas nit at verisms oy jotter
14:46:39.505916] garb oxy cosier cooker vox cozes bawl mut calk ho
14:46:40.785916] beweep fund cushaw
14:46:42.188916] diciest yod scrub
14:46:42.814916] tsetse goiters tomcat carbine
14:46:43.430916] os lurk ba knawels ragtags
14:46:44.495916] ho harem brr za carrion brazen fusspot axe phi hovered
14:46:45.606916] tiglon stipe ducting corolla retines ow pools rig rims capelet
14:46:46.250916] Statistics: 16 7 20 0 2
14:46:47.047916] jibboom lie byte gam eviler ka beat furry barding em
14:46:47.682916] foxy vuggy allyls paprika naw id
14:46:48.662916] daunts kerry remits brant vasa show wined sip weft
14:46:49.083916] rogues pasted ascus oe sebum poi quasars bi rummier nows
14:46:50.422916] hoes lunt toxins belled jig drownd gone
14:46:50.510916] rad yamens ay ne
14:46:50.818916] tabla lalls flog tenty carse bedim
14:46:51.837916] kif fugus pe our ne humphs secants alb panic pap
14:46:53.241916] grumose as muse bailie ulus jun
14:46:53.423916] queans axels gavots za panda it tar fay pep
14:46:54.565916] brook decodes cards midlife sit silos parsers baches eta
14:46:55.969916] joshed whale cabled am ef smells tondos
14:46:56.007916] gyp fines rotguts so capos fou
14:46:56.855916] cragged zin mops cannon nix perm self max or
14:46:58.149916] pomos ed frumpy rewear rods cig
14:46:59.244916] hall er abmho ear bah
14:46:59.688916] coys fail fruity gags seg eh jailers geck advisor marlier
14:47:00.520916] learns lips pep dirtbag scrunch grantee quaggas
14:47:01.645916] os dicks agreed enrol shnooks odyl drakes
14:47:01.959916] piratic equid unmake
14:47:02.091916] Statistics: 7 0 10 18 9
14:47:02.854916] jot chukkar tushes pow tau pa odds sendups na germs
14:47:03.949916] hoover ryas puli ras
14:47:04.845916] droplet yuckier riding pacify ki abasia
14:47:05.056916] laced cinders her hm it undoers caudal el schul weeping
14:47:05.817916] ad xeric shag re
14:47:06.571916] casita oinks ow around palea
14:47:07.584916] ate aha whorts rigger gym noons surer
14:47:08.408916] deb phenols throned seals so kraken fume spec id berm
14:47:08.585916] Statistics: 3 4 12 6 8
14:47:09.814916] keck cheered barbed hyperon nags furfur genre za vet prepill
14:47:11.251916] smalti harder oy ay hip et maists
