14:45:50.151961] gay uveal lianas oe dieted soak stolons
14:45:50.998961] spoored sumo greet baa icy time colobus sky mole purl
14:45:52.481961] Statistics: 0 6 1 9 12
14:45:53.489961] dry deils mac soys
14:45:53.634961] yo agave warmed cot case we hedger gruffy haver
14:45:54.041961] oysters kashas cwm
14:45:54.965961] trips yawps em diocese placet ah viola
14:45:55.933961] rowen preverb indri gnu til zit
14:45:57.018961] newies eluant oxy gavots hm yucas hayrick leaf
14:45:57.541961] mud gits morn wad rad
14:45:58.411961] kronor etwee parols anon ulnad figurer
14:45:58.637961] tooling linga hackie smocks om
14:46:00.037961] noh nizam wussy flu cicadas nus ephebes nib awed
14:46:00.117961] ambsace turnips die tungs incents
14:46:01.226961] am blunger merls yep domain vixen infare an ryas twirly
14:46:02.496961] us chomps fubsier quai benefic knesset bluster gally
14:46:02.883961] ya jus bacula optimal cares torn rag strafed za
14:46:04.169961] modus buy reft boho
14:46:05.649961] bach try zzz fed
14:46:06.828961] gorm sugars avant makeup enounce pox lain
14:46:07.969961] gal arpen prongs twanky an chronon
14:46:08.513961] furies keys reedman yawl cubed braxies trap faunae at
14:46:08.624961] Statistics: 3 5 9 17 4
14:46:08.869961] odas vague harrows yak
14:46:09.109961] hirers picture reif habu dam
14:46:09.904961] redbay games allelic crops stage taxol rife purpled cleaves
14:46:10.429961] vase running baser foiling rafter up
14:46:11.695961] swagers marques lyse kyat peepers is babble xi
14:46:12.871961] dexie china bustled cymar ads
14:46:14.004961] regna beat ferrety are coif do kob uh glossae haulier
14:46:15.284961] na harmful tots
14:46:15.515961] daubs xu ho qi seeings scone west
14:46:16.923961] lay static iambs fulfil bum sexy ecu lulled sat
14:46:17.118961] no of oe grantor puny of our owe
14:46:17.859961] omens grumous job tremble ut wheel
14:46:18.835961] sheaths isoform wo up fraught fecials duce
14:46:20.303961] on tardier buhr thorn incases banteng
14:46:21.260961] gaen gag veg me qat fuji sly
14:46:22.597961] od lot hulk whirry glia key ya hulloas undy tweaks
14:46:23.012961] begulfs finises bhuts
14:46:24.072961] topo tweener max welt roti statins cru cay
14:46:25.559961] ka urd brasses wha prow gar
14:46:26.524961] trap filo mudras flap goose sieve in coteau blate
14:46:26.724961] unspun mog inulins aromas scolex waylaid spree sanicle mire
14:46:27.169961] hoot up claw ya lares jole blunts xu par raggy
14:46:28.509961] medic hit hob pseud euploid joy ops
14:46:28.980961] jut taxer son rusher medal
14:46:29.352961] os sannop linns al forcer succumb ha currie
14:46:29.998961] lo gauging yurts pettier na
14:46:30.095961] evolve ed weds hire fe pec why mailed cosier xis
14:46:31.220961] parity goo gambled orgy
14:46:31.340961] op cuifs pashas an xyst el foyer toluic yo squat
14:46:31.841961] yawp aw exhumer dole goop deter mag ay
14:46:31.980961] yuppy eve ae airfoil boatman wotted
14:46:32.151961] jo coenure outsang
14:46:32.423961] ram vet pinyon hosier
14:46:33.148961] ectype os saiyid educt intitle knowing hyaena bi we rem
14:46:34.217961] goa unhinge sans fleeces finks
14:46:34.666961] cowlick stools ocas folic armed jowing
14:46:35.525961] rei skycaps hightop hip scarey
14:46:36.101961] Statistics: 2 13 10 17 14
14:46:37.462961] hi el amp morels eatings doxies flesh isthmi quod rax
14:46:38.721961] cutie sweetie sum purty very kine xi ohia puces
14:46:39.223961] muzhik faradic burgage phalli urger pi
14:46:39.275961] wo scutes sic apeak om
14:46:40.554961] tela lib rises
14:46:40.648961] bumps hut hinky mo
14:46:41.356961] nixies at tatter
14:46:42.655961] leaches aitch aw ba post fa soft
14:46:43.339961] whacks rod ah pe vice
14:46:44.438961] mi hommos newts ye deejay hi atomist
14:46:45.503961] hommock cep fetidly si bah litoral spurge gulpy ax
14:46:46.692961] gaps vig broker adrenal chott turnoff cees
14:46:46.960961] bating es coyed unspent
14:46:48.116961] pi hatband finito senors culls
14:46:48.555961] Statistics: 8 16 10 18 2
14:46:48.927961] unban trueing duddy us hinging weakon ta nut nay
14:46:49.968961] maned kepi garth fesses rarer jerks loid pales
14:46:50.301961] oohs fundic vars
14:46:51.488961] varas kep soymilk muriate
14:46:51.925961] Statistics: 12 12 13 5 3
14:46:52.421961] fodders ulcers ma told pee stobs
14:46:52.695961] Statistics: 10 2 14 1 1
14:46:52.945961] ficoes aa vug ef op bider normed
14:46:54.057961] ar boodler hugest
14:46:54.744961] tetter bawcock trip scoot oyer
14:46:55.080961] prised topos yonker wrens
14:46:55.320961] veeps ratal lis eyewash telos
14:46:56.776961] anomy webs nun rodmen haste fugu
14:46:57.628961] wed leprosy legals cote curlers
14:46:57.647961] ponded groves racemed forty conchy writ could lorn britts campos
14:46:58.065961] canton parkway eonisms
14:46:59.135961] per adonis stick loud dorsa sherpas oppidan delayed
14:46:59.484961] bourns rem bewails za
14:47:00.661961] nu bo am gip adagial muds jubhah abaka urn
14:47:00.941961] toxins deep dey pipe flint esquire dismes
14:47:01.943961] rom gats xu seizes west anuses gamy
14:47:02.206961] hm actors me males sex trog sootier moc
14:47:02.222961] ups job bypast epigone
14:47:03.555961] dankest rye gyms frill go ah eh kip relier gaggled
14:47:04.725961] yogees pets hansom subsidy lo
14:47:05.842961] fathers yogini ae debark er
14:47:06.486961] op brr conduce eme planner plusses tup crus ta
14:47:06.624961] mut jo schtick er trusty
14:47:07.088961] baryons pajamas pouts bi twerp volt
14:47:07.174961] cleft lox mats pice no foe niching waw
14:47:07.834961] therapy orzo kilim wives alerter imblaze op acari pelmets
14:47:08.311961] caff sloops par nay
14:47:09.615961] faenas plagal hollow wig coprahs yen nu thrummy ass chuddah
14:47:09.875961] am warmer jock kat quinins ciphers sulfide melt
14:47:10.543961] ort infarct sh fun foal fiaschi
14:47:11.935961] xu un verb um outlaws pal paled slanged
14:47:12.000961] Statistics: 1 16 3 1 4
14:47:12.147961] awry um gaskins upbinds content
14:47:12.509961] fe mi richer frosted ruderal tauon ooh cosign
14:47:13.487961] jo pease ai ag sextan
14:47:14.861961] heh lo sponsor vina unaired on malty laic syke egg
14:47:15.074961] at goo gains releve
14:47:16.287961] pricy beclasp li vid max resewn linages jinkers inlet
14:47:16.561961] sin machzor swithly dirks
14:47:16.969961] casus am metis ti chacma ta whity
14:47:17.772961] ox crocus acacia witans budworm busier fewer scents flue
14:47:18.207961] zipper lacer prong
14:47:18.718961] la which yipe
14:47:18.908961] fay on irons fine
14:47:19.521961] jo japer acinous frost warm feeder hour poising dopings pht
14:47:20.251961] wording slaying husband holp van
14:47:21.661961] riatas own vita si ops rundle fie wag oi
14:47:22.581961] Statistics: 13 13 0 8 4
14:47:23.311961] manure taper faced mouth crocs sos ta learn
14:47:23.494961] chymics eupneic tarpon apiculi moory
14:47:24.800961] Statistics: 8 1 20 9 10
14:47:25.887961] bo risen dah brook
14:47:26.371961] Statistics: 5 17 20 14 3
14:47:27.343961] os jog deck aby on
14:47:28.659961] id oribi skeins hos
14:47:29.760961] el er monte uh
14:47:30.353961] fe allegro dona leveed pogies
14:47:31.691961] nisi twibils fairway et webfeet aa fetas de ba
14:47:32.738961] ole dots dick laved macho be parsed
14:47:33.865961] at hood maple deb um gul taught jerid naos
14:47:34.326961] wax bi for
14:47:34.655961] culture secondi oy sau boson sot ta mediate hoe nurds
14:47:35.168961] ba deled cahows boffo cornu tar silly been
14:47:35.296961] yeh rosiny told od solicit jugal huzzaed mail ai
14:47:36.178961] wived moral halmas
