14:45:50.177892] inner pyaemia grues sabred taw
14:45:50.234892] eatery za neats bel
14:45:50.866892] oval pom unit odder mamba length
14:45:51.314892] whittle debar owe cactoid fuji gargled washed
14:45:51.970892] wackes goblin ho ka
14:45:51.996892] si ae payment libel anxiety ad brew
14:45:52.393892] bankit or plicate duh od weber
14:45:52.434892] berths dabbles mic bushy belleek caesars aa haint
14:45:52.563892] us stoking id grubs ay fop
14:45:53.094892] thou falces ion tabus dupes
14:45:53.450892] hoboism reheat gray
14:45:54.277892] or clan nisei eposes foot curn mine spirts
14:45:54.487892] litchi my iff mangle harping
14:45:55.175892] hare ho belted dagger carpet belie crenels bathed
14:45:56.530892] refuter imbalms ax redowas urase motif
14:45:57.035892] rec rig paction kola thicker
14:45:58.471892] pomaded nah dad pht soddy strep ti oe
14:45:59.313892] uh zoa phonons roman mandola legume yah dele
14:45:59.587892] ilk poi shade la ai sleek salsa
14:46:00.539892] ban psychic maul ais tray fouler oh
14:46:00.783892] Statistics: 18 18 5 2 20
14:46:01.768892] pishing bigwig yew muting
14:46:02.578892] us om voyaged spinel err to spanked leal hangout epoxy
14:46:02.841892] abuse fromage tamals pe era
14:46:03.675892] maut grume fe curl mosh
14:46:03.809892] Statistics: 3 15 18 12 2
14:46:05.061892] drees on nooky perea
14:46:06.127892] improve rash owing deluder aerobia scrap testa uncial tho
14:46:06.169892] tokays none waspier stab kufis tatted ouzo cleat
14:46:07.144892] hackney stomal dig za yugas
14:46:08.390892] odah bys foveae hafted demast
14:46:08.964892] aa mistune om
14:46:09.513892] coward sultan pars verse dol dockage dram ursid
14:46:09.939892] ae alpha ab odea bausond lines
14:46:10.756892] cur bo mora frocks doll cliche box due fa
14:46:12.003892] cee ka holiest glee damasks biotite
14:46:12.536892] cero rehems syphons spurt frat belleek we tax
14:46:14.002892] photo tepees ax scrive ka solo
14:46:15.071892] nuking silks asea mut coded secede settees
14:46:16.111892] bends pol wigs pushy rung katydid
14:46:17.520892] kappas em pash end
14:46:17.922892] deans ions comas stewpan calf monody rasers zeros
14:46:18.497892] placers seggars jeed
14:46:19.808892] nowts show and
14:46:20.179892] bumpkin chair taxied umm an gothite qi globs
14:46:21.233892] jerky bum aggadas ah ay flux payor loon medial
14:46:22.504892] aw pyx tiro
14:46:23.669892] ar horded pee techy zax spoof smug dour
14:46:24.313892] outwept lez hip safest li paisley elated huh inlying bop
14:46:25.218892] hymenia mimer na we tom agma tic
14:46:26.474892] quoit imam slieve bra or rennase war indign subas
14:46:27.013892] probits sum us tensely aroids ungirds winged blew twiners
14:46:27.404892] xu chiels sit echard hunky indue togue miniums kye
14:46:27.729892] belled deoxy cursing shittim stages la chervil gin
14:46:28.308892] let virago moujik eugenic biontic jarveys prosos sole canal
14:46:29.601892] oke gambia shool upchuck slubs rami eleven archon pot
14:46:30.324892] Statistics: 5 14 1 18 13
14:46:30.753892] neath paws pest yok add dray sing crag diastem chug
14:46:32.032892] fa wo hm chivvy uratic
14:46:33.000892] nervate qabalas sieurs
14:46:33.346892] re me relays
14:46:33.402892] testoon horded artels such tekkie hoy vug
14:46:34.706892] mi uncool ag wit aim getter
14:46:35.312892] ax sophism jewed gig
14:46:36.459892] om asepses oaky omers
14:46:37.289892] un eath spicing with it
14:46:38.199892] netty wit yow ki
14:46:38.422892] noh joles et antsy files lo calo
14:46:39.096892] ae hits heeders ya thenar plastid hm chess whiles
14:46:39.140892] calathi kvas ka reboant ologies blite li
14:46:39.743892] igg paws results did rosette joggles ox pinned
14:46:39.860892] tigrish claims deashes gaun campus bets mull placebo frogmen merited
14:46:40.241892] it dengues citied if
14:46:40.668892] nema gulfs ulpan
14:46:40.689892] nag sumach puma obe macaber puling nog mallei stum
14:46:41.470892] succoth botfly pa
14:46:41.826892] Statistics: 3 17 4 16 4
14:46:42.829892] kneel typp awn stylar
14:46:43.343892] hovered frae miaoued impairs
14:46:43.709892] rig shed aisled killers hinny noirish repin
14:46:45.124892] hulk ohm pappy adage feod snapper entice rya
14:46:46.422892] skirt bulge unbox dry fluxes feases cynic sigil id
14:46:47.666892] jean ear upping kier cloy al fa blooded
14:46:48.228892] art atoning rod limeade prole prosit plash lousy lour
14:46:49.533892] unglues abs oi yom ho xu thusly pampas dosed bemired
14:46:50.277892] qi sidh key bellhop kvell ag license om
14:46:51.221892] reamer mobled avers
14:46:52.454892] hymnary jaw ods yucas lichtly
14:46:52.626892] coaling yirr chief met my erg spring
14:46:52.654892] al cutter mosh ab it porks kaffirs rain suks var
14:46:53.626892] os ed go dribble matador
14:46:54.679892] oh see mo masks dice gelato
14:46:54.823892] add exiles froward roams tew baals mottes jog
14:46:55.702892] larvas cloy weka oy lawyers zonal predry tits gaudier sneap
14:46:56.441892] so welds rococos
14:46:57.430892] cees jar nimrod gym darkies abashed
14:46:58.819892] rad estrins clachs hefts airn laxes jay slitty
14:46:59.594892] hectic nob ah ah
14:47:00.791892] forbad bey of gunnel klick kis
14:47:02.092892] ai tripod dawen afar lucked coy hop
14:47:03.491892] on skee curia ajowan hones neck outran wise aah ha
14:47:03.986892] chuff ilium mentees sail tambac lotas
14:47:04.649892] penmen cashaws ar by woofs
14:47:05.623892] yon up oe aubade aero whops
14:47:06.033892] schuss sards seizer avulse bigfeet tahrs
14:47:06.922892] deduces palea muhly sapphic
14:47:07.703892] embays phonal mull cherubs
14:47:08.035892] gird gagging sib
14:47:09.470892] waxers reg base looks chid bubal
14:47:09.930892] kois grey torero bursts ai od es traumas eh kalif
14:47:10.537892] acicula azan yuk mm hold finest sestet wiglet
14:47:10.810892] Statistics: 18 2 3 19 4
14:47:11.015892] try vavs rig belied
14:47:11.632892] si flamen cycads redacts urp sati nit cooeys
14:47:13.063892] ta trooper so cows lytta swoosh
14:47:13.231892] cwms em surger ay dors
14:47:13.623892] la murks lac apsis stun etagere aurei boos gadjo
14:47:14.569892] ow gook cock tiled rowdier moons an lair pointy
14:47:15.719892] gig kin foe
14:47:16.056892] vessels yippies snivel isogone ma leaps he
14:47:16.525892] waddy bit moa hose kojis fee
14:47:17.476892] oxblood shrills pussy als un oxo sizier gyred li zax
14:47:17.838892] er ecu ignobly citrons mel demo so
14:47:18.148892] zzz ax biotic eerily pinhole is corrade brace
14:47:18.307892] lovats si eh wite lob taxer cibol
14:47:19.701892] snipped cooled ere de ha
14:47:21.131892] ave envier jo geeing us nu juco hog tanked
14:47:22.477892] si ne soymilk home sake prow
14:47:22.944892] raze maxi ef prolate soy vegged minx redcap hunkie
14:47:24.203892] os sherpas summery so slug baa ki dinging
14:47:24.646892] cos fobbing wo steno briefs paulins hubris
14:47:24.747892] offense sorties pals uh
14:47:26.091892] Statistics: 17 1 15 10 16
14:47:26.976892] femurs no caloyer ole fluky lee motived ah stamper seances
14:47:28.029892] pus earning rib
14:47:28.485892] jimmy ow ales es fond cheap
14:47:28.992892] rape tipi kana vug
14:47:30.240892] barong by aw logia so axile abos
14:47:31.732892] alt ab of sanders coke ape ah xu
14:47:32.010892] doiled salamis jehu
14:47:33.139892] prover glebes offense
14:47:34.054892] deems codding gascons
14:47:34.809892] herby snuffs hi oxo ho oda drops
14:47:35.727892] burden oe fur chis sob scorify linum eyebeam zymosan
14:47:36.474892] excises dryly who
14:47:36.862892] octrois waybill dies urinate carping ump stew mows van
14:47:36.888892] berms xysts mediate
14:47:38.016892] ho bast mac sunnas mat jo riels er lest
14:47:38.828892] lob me spacey warper cists sae vanned od ed
14:47:39.395892] fags pilar coaeval adjure
14:47:40.458892] griffe fix wives sapped frises deciles die
14:47:40.895892] la fat try motived tawing
14:47:41.105892] thrice it entree spiffs
14:47:42.305892] feu of ranging droit earthy nicker cozied bigging burb puggier
14:47:43.317892] mo nomads kenos
14:47:44.428892] on tryptic sloe goony turd ef object
14:47:45.527892] tease cargo hoopoo to pruning tie salamis
14:47:46.745892] habu returns nitwits peerie
14:47:48.166892] loppers taxers rolf put rad setup surfer palmier
14:47:48.286892] ram fub astheny hazel city winkle ons racing boned arnica
14:47:48.845892] horded laari nicks khoum
14:47:49.551892] hemes mic bos assist sanies dan ta outrank
14:47:50.403892] bustles seance snood redes
14:47:51.178892] crakes mus halters
14:47:51.897892] mulled troupe ne chapman clap
14:47:51.924892] mag so dis weather smoke
14:47:52.514892] wangan smoggy of sum jell suds obia wracks
14:47:53.513892] clay jolty piths sacks
14:47:53.797892] closet hoser mic
14:47:54.942892] eave listen mew moly mo retell ex zep luv
14:47:55.893892] scummed gal wafture oreides bap wiping maxim storms babu be
14:47:56.923892] unhung bi unwet baneful bod toile op stoney
14:47:57.486892] phis pronoun aglets me ae wo dioxans needy claimed
14:47:57.777892] no poison hajjes civet dowses
14:47:58.655892] ed burnish toxoids pop holked zagged
14:47:59.044892] dryness stupefy axal falces
14:47:59.923892] hunk inclasp or
14:47:59.941892] un roved cerumen minable cum
14:48:00.813892] keeve jamb kaif mend pieing be
14:48:01.875892] inkblot shifty kicker skibob padnag
14:48:03.077892] seton do cox ay kills nitre fish
14:48:03.978892] gree overbuy ash
14:48:05.471892] nagger clench crumb tilled cesura trowths
14:48:06.051892] row remaps peons
14:48:07.183892] seeled fe ut porns
14:48:08.058892] aa nus lactic stage givers yap to begulfs
