14:45:50.127028] freedom baas unfold inverse wedels on
14:45:51.298028] medias ba rut ai
14:45:51.640028] cabs lazier myrrh flints loup sabbath paths puke saps shebean
14:45:51.709028] spavins cutting gnats brag lo dammed
14:45:51.775028] schav put heaped coups
14:45:52.366028] welches varied rath kiwi dak hulled
14:45:53.371028] pedate biffy or stroy
14:45:53.709028] ed dig sh tao topers oms putt ail
14:45:54.551028] on lousing gun ba coddler overlap run borax er cagy
14:45:55.109028] imprest casters bang alive chugs leas
14:45:56.338028] hackney ta bailer shire got dickies
14:45:57.054028] climate bitter novels li sooths veeps gars
14:45:57.222028] cadency ay od jeon sulu pesades lobs pa ism obtest
14:45:58.019028] filmic asylum linos tilling
14:45:58.984028] us hie rebut spales pi
14:46:00.479028] it bemired od ails or nutate sole quod eld wronger
14:46:01.670028] up my aw maggoty judder kyack arse
14:46:03.106028] session herald twaes mu
14:46:03.726028] gurge oe guy eyer finds
14:46:04.157028] meta jot setts galere girosol jato perkier wage balk
14:46:05.257028] impend glee default cottier stainer potash
14:46:05.729028] ow lipin en husk
14:46:06.574028] vox legong pa or luged odah cuss slurs paction ma
14:46:07.216028] monad mummers urbs raving stum er
14:46:07.853028] agist vision cimex seisor vaccina bren ansa unsteps
14:46:08.843028] conking wintry sh
14:46:09.809028] odeum at syce
14:46:10.344028] unmated eviler rim takeups poi grouped arb kaes hit
14:46:10.420028] ileuses ardours jeer worm mitt tace sea yo sis vitesse
14:46:10.950028] phony bozo pa glimes met ya
14:46:11.724028] feod oe cor foh
14:46:12.463028] on ex fet voles
14:46:13.953028] ar fon festers
14:46:14.380028] rhombi haircut nomos minilab oysters redream oaten hob
14:46:15.215028] roupy herns bookie laree jaspers praise
14:46:15.477028] abaft escorts seabag eat oe ma dig
14:46:15.891028] munch fur delimes
14:46:16.325028] la wits guarana emboss bolt dyne cos pomelo
14:46:17.212028] lo um noh stratas zin
14:46:18.393028] hostels resends polecat cab en it slumgum
14:46:19.569028] do camp phonied aw relit bought
14:46:20.295028] wick dee retime bi aa plop abvolts
14:46:20.485028] wonts tofu bancos
14:46:21.439028] address entry pappose hassled beths flenser
14:46:22.934028] sad rue gooses baffs terror mac octrois mamas
14:46:24.252028] hm factory loo uses weeting pi lase ab buskin ae
14:46:25.386028] as plaudit nth stich scurvy spaz tarn segos ai buns
14:46:26.729028] byway doses wile vig mud chef
14:46:26.950028] imbued centums ays bestud husk visards vet statued sambur ciao
14:46:27.363028] rishis lithium bap badging kerf preyer brace burg hoax fon
14:46:28.540028] id doula prows ohm derm peens evince bitsier dak
14:46:29.273028] et lulu ana he phlegmy
14:46:29.357028] exult moaner pomp mucous oy
14:46:29.503028] up iota sheeter
14:46:30.424028] swoosh bones happily ret ho pa relates
14:46:31.777028] loofas bi cravens feline reship quai redips mopiest
14:46:31.813028] blype odic bousy abaser pere devoir waly miners spinny ret
14:46:32.968028] rah fa hob massas pa kwacha legs lams patella nae
14:46:33.339028] mir radars es dray shea wreak moorage luv sync
14:46:33.713028] spelt harp lily od nirvana timer
14:46:35.111028] Statistics: 19 12 7 7 2
14:46:36.406028] dawing baps wame pass foregut
14:46:37.805028] redeny ons ski wry
14:46:38.304028] fab maybe regency
14:46:38.961028] him li enfold baste git bongoes ar bi
14:46:40.361028] germy odd alae niters mongos yob bonduc tease hit
14:46:41.066028] noddled achy ah him chives swinish divan so ab foes
14:46:41.983028] foggy pus bout wanked nils mun
14:46:42.602028] mi welsher minicar jessed pod jammy borides ick
14:46:42.919028] arf rebuke scarred doody yogh sibs juices duh
14:46:43.274028] murky repent latte boozing to hunger as oke emblaze ma
14:46:44.682028] mavin ism hm he filo jukes socko
14:46:45.960028] words flick it ki uvulae hons lass fin
14:46:47.431028] lapse hotspot fet frug dog woad boy
14:46:48.376028] zuz topes prose fop skean dekko tufty helo rescale
14:46:48.914028] septage chalice caramba prawner earth qi bi
14:46:49.816028] dull essayer nought tussor od nevoid
14:46:51.268028] dure askos ham wat nu sherbet go
14:46:51.802028] nulls lazy tit demand
14:46:52.408028] churr nastic bogwood buy
14:46:53.206028] cage dopily dug jags unswept kirk spading demic zany isonomy
14:46:53.998028] or opens pram dunned kin pules mm
14:46:55.134028] he zep sayings cat iodines
14:46:56.004028] ripe son retrim aecial anarch tanto bemeans couth
14:46:57.325028] deplete boyo my fed ma oi old kain
14:46:58.428028] piebald hoists iris impends lottes vas chid hows
14:46:59.848028] yon chrome cullays sum
14:47:01.215028] whiter minis davy
14:47:02.352028] reify us run leke alaska ef marc
14:47:03.094028] ox ich grappa pi pal chant halfway
14:47:03.958028] wilding ycleped rom audads sharped wogs hungers cluing blood
14:47:05.372028] wattles ya spawns inions boxcars plate by fix wafers
14:47:05.466028] harken cate wove no cor vara hayers skags
14:47:05.851028] pur si keek drears tegs ag cocoon doter dabble wordy
14:47:06.766028] foined puce ti amigo gamey pe sned qi za merdes
14:47:07.594028] old keens liners elapid by bo
14:47:08.280028] shod fasts mummed barong us mog paca
14:47:08.933028] fusil bawtie enwombs ruck mm albs shoes gaspers
14:47:09.090028] viva un hoes hi jodhpur
14:47:09.457028] pa oe nob
14:47:10.540028] noily stress hat hell mi
14:47:11.394028] aging eros edemas
14:47:12.877028] hoarded pi et gar ormers ambari oe razzing keyway cows
14:47:13.766028] milk eyes goa my loofs me tyred
14:47:14.678028] worths jo goldurn ogled
14:47:15.101028] deem fuddle ha es
14:47:16.395028] kenos airshed genua gayal kufis is livyer ki
14:47:16.647028] hazmat licht win firkin
14:47:17.259028] coy hi tails bills ai haika restart
14:47:18.379028] xu git hams tsk
14:47:19.352028] Statistics: 2 1 17 16 4
14:47:19.896028] mu trims cut stalest kis yuga dudeen arrayal at
14:47:21.097028] lye coed lest ill
14:47:21.245028] ay press us bemused
14:47:21.667028] knells sulks yak thebe
14:47:22.760028] nazis stets hm bole
14:47:23.117028] reargue irids colas pi hipster kneels
14:47:24.153028] touted pas canton ramus ki slogs guff yo ay
14:47:24.465028] Statistics: 13 12 2 13 19
14:47:25.958028] pap livres pele reavow iliads
14:47:26.245028] plaided reenter reheat ditz id duelli apod
14:47:27.198028] ska upo piu be at kefirs hoy kagus bread pseud
14:47:27.413028] duh aw pe fay loof lazar beigy et
14:47:28.260028] bake emotes oh genips tusser urns yo
14:47:28.531028] la gamb secco pow ow spayed pes bock
14:47:28.979028] yon cumins curded sea milked innless lis ups vis why
14:47:29.566028] uses duteous sashays cometic triply so qi flows
14:47:30.154028] galore pox teak fermata remit wiz scud oses ikat ah
14:47:31.145028] widdies beset caws cervix bhoot husks radiale yay juco
14:47:31.803028] dossel barbe impeded
14:47:33.050028] limos hertzes nooses nae tor hues feats pec foe ops
14:47:33.638028] jars serenes galaxes yag mapper
14:47:35.124028] ah spooked rids do armful vacant by
14:47:36.040028] comix scops thanks bota daymare
14:47:36.565028] jo so tabid mutule bise geeky glosts vug em
14:47:37.749028] revel hers septs ay
14:47:38.653028] Statistics: 13 17 7 7 18
14:47:40.152028] am coupe go mm lost
14:47:40.492028] Statistics: 14 9 0 18 9
14:47:41.348028] sabe vext ragweed faxing rectus
14:47:42.736028] en bussed eh adz leaver recedes
14:47:42.962028] frug piths bee to lame honker beachy mo
14:47:44.049028] beechy bo ad um
14:47:45.377028] tabanid bi rutty eyebrow coca
14:47:45.736028] nu vice zappier hi four
14:47:46.802028] do mm wat sax lungful
14:47:47.427028] recent gut maquis id scuts raked barb
14:47:48.085028] riser raped tor as osmiums plier perish
