14:45:50.201855] gravlax quarks alsikes date miniver ta trigram voe resect
14:45:51.517855] boing fraud colog pi abs flee whip ag za to
14:45:52.713855] woes kye sub en band wallies cavalla bonzes
14:45:53.249855] go lo saggars un flair jeans fidgety scalded
14:45:53.989855] untruss whiz by lone trank altoist zag keir shirr
14:45:54.037855] sided amble mack chefdom octaves gravlax semi
14:45:55.053855] bikers escudos saw
14:45:55.566855] mus pi foamed plaits of urp aegis snaring
14:45:56.181855] mons hastier unnoted niftily spoofs lines piffle sice
14:45:57.056855] dye wordier urds free voices sade
14:45:57.770855] ceiba sly mi
14:45:58.361855] bogs hers sped
14:45:59.768855] mu al bun hi dements
14:46:00.800855] Statistics: 1 5 19 11 17
14:46:01.606855] fog haw untamed heap dex xi
14:46:01.748855] ex blip drip spate chefs stalk pry
14:46:02.697855] anga lurers nee khaph
14:46:03.730855] luny peals trucks film gyp
14:46:04.807855] propels orate kir honk sub
14:46:05.689855] retreat pigsty bo pun taw pinnae trig rubel salters refixes
14:46:06.409855] chela dramedy mush evener rut
14:46:07.512855] orcas task flighty papules howl
14:46:07.705855] kilims abases ope wynns slob
14:46:08.312855] dodging hm tam effacer go
14:46:09.129855] grees ar vaulty jo en
14:46:10.217855] shocker yow milles goer sax rubout jerkers troth habit alt
14:46:11.270855] al lei brins dip goa unfused
14:46:12.516855] Statistics: 13 15 6 2 19
14:46:13.241855] tores batten husky stop pussies warper millrun dows en alkanet
14:46:13.288855] reseen amps fold harissa aa
14:46:14.358855] gobies qi ow pye
14:46:15.308855] qat phasic fatness tzar
14:46:15.516855] pureed hagged hispid adult xi goer sneezy infare
14:46:16.315855] tropes brut broker wicopy kemp sinters
14:46:17.299855] haloid coydogs ax pac to undone hordes
14:46:17.412855] suitors turner mammae shri mu
14:46:17.603855] lima lehrs uakari chez causal ti unlatch ex suedes wap
14:46:18.571855] cog stroked tighten pup regard
14:46:19.682855] bo ae tomes hm ya cordoba ranks
14:46:21.060855] sifts an es gold oy doux bod pomades rid
14:46:22.084855] rennins poons ramada no lyres labial gul kir fe lye
14:46:22.870855] costed ceils od tan caw cliqued ef
14:46:24.228855] stout all weeded sides sac roadeos randans
14:46:25.381855] ed undy ado ooh jet jo era tech kaury
14:46:25.693855] duci wade cult no tiro dreg anas tiptops fe
14:46:26.967855] boy prom tot res nagana winker
14:46:28.384855] vimen tains flam rom lingua urp riser hilar hubs my
14:46:28.424855] vidicon hug jimmy sawyers rose atap od masa weest
14:46:29.000855] si deepens xysti muddier na mining peeks screaky swain
14:46:30.360855] genu brio rho stern sky beers soar uncoy
14:46:30.790855] gey romajis zoecia fiaschi am bedewed pul
14:46:31.218855] sol solaces pilaf bhakti loons missis
14:46:31.968855] caeca natch dourly crapola sluice
14:46:32.716855] reginae shako grunter tunnels thinly bet haven swain
14:46:32.999855] nonpaid mi goose
14:46:33.384855] tees poop we zzz subfix remised
14:46:34.680855] inborn disrate fano surged ox um bi acacia
14:46:35.700855] eon brux elfins saintly pi anoa talkers ai fa
14:46:36.863855] zananas oe dorky glycyl
14:46:37.036855] fjeld um moo hod colts pepsin flubdub ed mureins
14:46:38.413855] deaf rased endurer few ham
14:46:39.894855] mispled spends heroine
14:46:40.190855] sansei rust noodled chicos aw jo jib lippen
14:46:40.508855] xi fiend grogs poi basts vat his
14:46:41.605855] glacis oe relleno ideate paynims twitter succeed mealie
14:46:43.062855] sox dozier soar messan falces
14:46:44.315855] Statistics: 11 5 10 4 8
14:46:45.413855] wommera eds spruced bo ef
14:46:46.556855] Statistics: 6 9 2 10 4
14:46:47.127855] mahouts ex estival embarks emes yelp kilning klicks bevel adzukis
14:46:47.878855] aa som kep darbars jiff mete me
14:46:48.146855] ionone evolve ecu up lube bathos farles dodos young
14:46:49.181855] dows solves reluct stanol
14:46:49.335855] tank ow cohosh psi urbs rot yo mamboed befogs bedroom
14:46:49.737855] kufis taces maxed pierced to yet ya unkept
14:46:50.579855] tomato gleeds juke eh gonoph pogey loud
14:46:51.579855] starred sord avulse dag costing bertha scoff wich oi myths
14:46:52.609855] raised in valuta am or
14:46:52.944855] nerve icy impend
14:46:54.102855] gangues pom tick
14:46:54.277855] us bop qat jaded gun lox
14:46:55.762855] qi be eth ohm sinker gimp es cock yid
14:46:56.908855] bans pursuit barong if
14:46:57.125855] skuas mus heh argot memos
14:46:57.671855] easy yurta pe unlaid wimmin mo
14:46:59.030855] seeks gitting inliers
14:47:00.295855] snark ags guisard theolog plush teguas phis keyway gadid
14:47:01.324855] donee buckoes settlor zit
14:47:02.358855] swamy hex ratable get ficin muck
14:47:03.829855] lei bocks shirrs winy nor gin sial end corny
14:47:04.425855] rhymer fe torc stroud scathe boride watt
14:47:05.596855] don murra cantala alp od
14:47:06.401855] orgasm ah em crummy machzor detent egal gladded of
14:47:06.712855] slept frae rig halters jo nu maizes ne oy
14:47:07.632855] loppy eel uts jar darings cahoot ova
14:47:08.136855] storm room we om peritus
14:47:09.583855] hoidens exempt snore fem queerly oy bad acta ya festive
14:47:11.032855] pyx stymied equate ab fa
14:47:12.317855] sots duendes syrup
14:47:13.743855] bigoted us mu us li
14:47:15.175855] oi mishaps jo droves ketch games randan dadas redial witty
14:47:16.074855] Statistics: 0 7 3 20 14
14:47:16.206855] nongays ors lues japes valet goaling
14:47:17.423855] oy qabalas emmer ax tins corf yes uke lunies
14:47:17.696855] goby rupee or retene xu airy jows if jollily
14:47:18.986855] garb noisier er
14:47:19.130855] do gimmies dino potheen groomer impresa slit shun
14:47:19.824855] bruit lingy om befogs upgazes fid heel intoned
14:47:20.794855] mollusk arching measle hi scope bring crashes zee
14:47:21.084855] ae chirper peck jog do mm
14:47:21.512855] Statistics: 6 17 13 5 1
14:47:21.593855] reigns ad ligular lyncean magnets pi pop kit assai twaes
14:47:21.726855] mem piggies sat om sod hanky jinn
14:47:22.221855] hern aahs tap cam neuks mis archil streeks fub os
14:47:23.329855] for uh si fugios
14:47:24.610855] educe shod amah ka curf ups too utters
14:47:24.659855] sap assoils leis hm mut glume
14:47:25.852855] ad meal ushers bo wyn coons
14:47:25.962855] tenails sad tigon baulked dwarf blahs stroyed fitful lib fe
14:47:26.357855] ti sealer feu lift scows
14:47:27.401855] jam sab steak can bevor brevity has astatic pods uncinal
14:47:28.346855] cooping ae jura tung labra ail stoical sow twos
14:47:29.356855] gelds wacke fjelds od hazer bin gobs
14:47:29.899855] ba no hag sialoid drowsed brae cloud wakame yamulka asylum
14:47:31.094855] boules lowlier saw tirls vie hursts flagon cutey
14:47:32.520855] we luted efs quitted mu palate snare clachan
14:47:33.553855] pud drones sundaes queuer the griped gawk
14:47:34.545855] visards gash brat through gid
14:47:34.797855] aeolian sulu goa mismove goosey kor baled quests egg
14:47:36.000855] daddle bo ultras sculch zek bar salmi to
14:47:36.692855] foxfish mediae nobles
14:47:37.467855] merry lades kep drawer carpel eon slow pops
14:47:37.641855] Statistics: 10 6 5 0 12
14:47:39.002855] wo hag vext ose bub hippy vet
14:47:40.096855] rope wishers laxness
14:47:41.579855] eth stylise zaps
14:47:42.098855] boocoo vow dots
14:47:42.528855] he ti yak ox
14:47:43.861855] Statistics: 10 10 0 19 12
14:47:44.990855] feet tofus camerae un aryl wides em ab
14:47:45.673855] ed ah adorn doers socles
14:47:47.160855] volt foolery mensing blotchy mm flag reman
14:47:47.539855] syphs cradled jo
14:47:48.589855] cultism ah needs eh
14:47:49.100855] mob moral montane emmets obe alar bison boss et ember
14:47:49.823855] atypic limned vatic tong sith oh dup ah nam
14:47:51.236855] oiler tuis payees gombo
14:47:52.675855] uh sargo cures veg try el primed he wackos
14:47:54.107855] dopes fisting stoss merc ruby fatso flayer spues
14:47:55.373855] glede cute moist seisin targes vibe sit ad
14:47:56.435855] faked ninjas dowse lea om surveil bevy dos atonic virgins
14:47:57.474855] papaws battles calque modi
14:47:58.906855] duty apers pawpaws duck matts bot pic
14:47:59.763855] deify fe lea
14:48:00.444855] tic aw qaid motifs xu mandate goofy cue emcees
14:48:00.890855] reblent chylous marting insigne
14:48:01.262855] oe ficin mimeos uncomic sapotas illitic carb ziti
14:48:01.842855] we term shairns ridings morion limmers pul kob every colder
14:48:03.153855] xi ants bios costly instead iliac bas stich
14:48:03.400855] er unled sculp
14:48:03.807855] didos prim shutout om an pawns ply griefs soft alms
14:48:05.094855] by lang fling wap joy baths
14:48:05.874855] grows sly bather dower ay hock bergere
14:48:07.226855] resail fit back
14:48:08.367855] ut meseems wo bes incudes unyoked noo op
14:48:08.933855] yo lurker galanga vest poses radical dap cheddar bromid nu
14:48:09.147855] slipway vail bay kyack upset ole perron stinks tarn ghauts
14:48:10.235855] ship tom tref cage buddy
14:48:10.851855] mostly egg simlins za zero aspirin
14:48:12.158855] Statistics: 1 14 8 11 10
14:48:13.549855] hiding yip carpet chess daunts aeon typos deme cans bog
14:48:14.036855] camped wo roomier
14:48:14.893855] fay aa richens ahi manors gossipy ai
14:48:15.612855] fond flap ihram
14:48:17.040855] mallets oblates crazing souters him
14:48:18.355855] jussive sheared ram clayey amen probit
14:48:18.617855] stich bark beaker ho coles ark jubile feus hoy
14:48:19.916855] cored legend loxing appear smudges
14:48:20.721855] sparers wharf garring ki auk gentil
14:48:21.499855] od cattery bo bin veld loo coopt pinnate
14:48:22.154855] on perfuse at guessed moods coaters set
14:48:22.625855] lakh er taka oe tegular spats sperm mudcap resids ads
14:48:23.726855] casern isogriv ar
14:48:24.682855] mimics exec buss lid bat waesuck piece
14:48:25.158855] ut dustup del ick
14:48:25.785855] editrix rotes lardon top lycopod taxman ferals what
14:48:26.043855] nurls unkend sheiks kaon elector breakup dal artsy yodhs er
14:48:26.868855] yo avow serein flites brain ow ref replace stye juku
14:48:27.751855] ermine bloom yock gape kabob yap mirth em
14:48:27.803855] feminie uh frug daps outsoar ow
14:48:28.782855] gar loofa topped seal
