14:45:50.211801] at baba externs nus ki wok
14:45:51.280801] oe faded this wine ax oda unfix
14:45:51.664801] fehs suslik wet fa sort
14:45:51.904801] send ox appears exalt dirt orra
14:45:53.246801] xu tetters mate creeds teel crojik oms
14:45:53.784801] acmes my bluet springs
14:45:54.233801] ar neuter asdic fa hazed refight yom
14:45:54.849801] catkin exsect witched logos overact
14:45:56.160801] tub uh eng harlots gutted pelon
14:45:56.488801] camas attend doc foozler cajon
14:45:57.728801] upas mohairs bendy magot slabber roue creeped ensuing encores
14:45:57.913801] mu yuks bruin kineses
14:45:58.792801] lilo feyer ska rug
14:45:59.608801] sh ramie scurry
14:46:00.007801] folk philter re os flea tussle repp pea
14:46:00.611801] trouper lanced miserly dan gip
14:46:00.874801] khat roan sties
14:46:02.274801] Statistics: 3 3 15 6 13
14:46:02.745801] ionics aa traumas is ono unmown pew mol pandect lar
14:46:02.896801] capita frag eh pavane
14:46:03.262801] azon woeful oy
14:46:04.330801] to twa ye um mm peck
14:46:05.154801] heckled acedias li hi enhance umped snaking recall names crass
14:46:06.636801] diplex ride flush
14:46:07.763801] Statistics: 8 8 6 15 9
14:46:08.242801] sulci diazins abomasi ceil roots plural recon
14:46:09.310801] gave dye big
14:46:09.532801] gnarl segued rued howfs bi chads ohed al ens speaks
14:46:10.677801] camped tab thrift it tip buss ax odd scenic
14:46:12.065801] la decode solgel
14:46:13.022801] coals jones towards bibs runners bassly gainers madras
14:46:13.501801] lead lev no debases snidest doges hi tel blade whoopla
14:46:14.999801] ya maskegs descend doyly
14:46:15.458801] jo poet hao bid abs perm morro
14:46:16.358801] shauled at aerate moa doggier door ickers exon
14:46:16.836801] bells li boggy mum cant triol oy od awols
14:46:17.025801] mace adytum raja thewy rid tag
14:46:18.319801] moc abbey prolate ogee froe pis axil via spanned noon
14:46:19.767801] pyknics un prefect qis dow limp mestees kas tacker
14:46:20.001801] line mend doolees bezil pearler if dinner my
14:46:20.619801] ironmen schmo lis wae sod sores cobb de
14:46:22.113801] maw secrecy timeous bidi plays brassy at ohm amrita bloats
14:46:22.361801] toilful defi potash gyrase mid pinger gauze
14:46:22.570801] faience operons helm breves
14:46:23.042801] left aster fontina fear pians tempeh gem
14:46:24.457801] Statistics: 12 15 17 3 2
14:46:24.793801] theory as nib assumed tick
14:46:26.206801] boche lib verb cusp wud aging glaces op briery cankers
14:46:26.672801] patted ecu oi lez fearer polies memes
14:46:27.039801] odes fidget atavic two wady cheat
14:46:28.055801] tucks moonish homy mm
14:46:29.268801] iodin nerts en paesan acini sei sorels
14:46:29.505801] yins kir xi gassy lowered hardies bore
14:46:30.155801] pol egg kelt woke futhark vis id driegh notes
14:46:30.852801] satire ag dotters lapdog injure juba pods mm gorm my
14:46:31.757801] Statistics: 14 5 7 5 9
14:46:33.050801] what aas mog dye humper wanton khi ti gyri nah
14:46:34.379801] glugs game swings hae gap incross bade
14:46:34.469801] jog cope greys chub farmer
14:46:35.873801] Statistics: 16 4 3 18 9
14:46:37.252801] kobo ta shuck preboom
14:46:38.191801] pian os skyman lari pushful be peised whipt pueblos om
14:46:39.244801] dinkey skylit unhats dom obviate misgive loral truth dowie poll
14:46:39.674801] edh tow qi prays ta axle ouch bencher touch
14:46:40.643801] ogres thew hon joinder dizzy own mem alining lipless tart
14:46:41.466801] prong urb amahs meister padders absents corsac
14:46:41.577801] stump auxetic eek tally
14:46:41.983801] et dude barbie ye mibs dikdik
14:46:42.029801] napkins spritz abye terne an exhumed lacy cines call
14:46:42.942801] rugal ceiling womb mob as ab
14:46:44.110801] palls oe sitter gazing
14:46:45.500801] sit cors chewing beige ponder spray winked bold tuchun
14:46:46.317801] haes tar freeze um roc
14:46:47.797801] ged paths edile russets din er ye swoons igg gas
14:46:48.525801] wear quids serfs mells stale rhumbs birr
14:46:48.857801] vivid amir waws diva lysis soca
14:46:49.717801] swatter quiet pansy cooch typey foaled bice swain culexes lira
14:46:49.973801] suss id grazers dup psyches
14:46:50.535801] hon lionise orb tut coxed ma unfixes
14:46:51.501801] on aliunde mutes oba booby cowshed prosing tusks butches
14:46:52.082801] venin aril ibex hike wirer dam pi cued om
14:46:53.560801] tranq ex sh vid larynx net
14:46:54.472801] wraths chayote scop leadmen brux ut
14:46:55.330801] grots nonfarm la
14:46:55.412801] ti egged gunners kwacha posh koss
14:46:56.571801] wauled hot attar kinin ut pyx
14:46:58.036801] toelike oar hazzan fibroin tucker
14:46:59.111801] iller el cirrose spiced joy imbue doc updo
14:46:59.960801] sapid mesne jouncy merde re emmys
14:47:00.901801] gobs ab dog wilier
14:47:02.024801] fe hep em chews peck insculp fretful alcaics likable
14:47:02.641801] mow ad while jacobus strang amazes gummers debug mo
14:47:02.735801] soys torsion flesher hazes
14:47:03.379801] tract punto precise caeca ti vert meaners
14:47:04.818801] xu ulu hepatic
14:47:06.293801] unman of putting surly scammed
14:47:07.245801] of map by tan rankled
14:47:08.299801] cory moc zeks ducts artal liaise seidel hill ka regloss
14:47:09.392801] ut whack joypop redub
14:47:09.985801] hm druse shri inkles wyle mem coo tolu
14:47:10.274801] dikers egos volt hailing zigs fibs loath him roused macadam
14:47:11.043801] vower platy echt aby not mudsill suk oe
14:47:12.404801] bo ennui sank lutes
14:47:13.536801] miniver alley tap skelter at keek oyster duds roughen lyre
14:47:14.912801] aerie cornu gym mew
14:47:15.289801] shock ghosts zin uh pol trismic
14:47:16.658801] tyiyn oak towel yourn ripe birding tambac earns gazump tulle
14:47:17.219801] trehala meaner of
14:47:17.854801] gun tor eh teller zin best om
14:47:18.371801] yet clipped yid socle alfredo pursily
14:47:18.803801] thorp if cobra bi endmost elf
14:47:20.064801] filibeg runaway ah fadge splayed arrays shave until
14:47:20.304801] indium godet fob bo gab veg
14:47:21.668801] yo rune perv
14:47:23.041801] namer seldom cades us tarpan oscular
14:47:23.600801] pallet jo frisks flaker pitsaw had rant macled krill oxy
14:47:24.024801] lymph eloins old rut newsmen paca
14:47:25.511801] Statistics: 13 7 7 17 20
14:47:25.594801] arums working incest habus gym cluing very ag teds manta
14:47:26.127801] plunder ess ping aba fa setback undead fiz echo ays
14:47:26.970801] currs kugel deltas edh nu ban dev silt pols elhi
14:47:27.165801] Statistics: 0 4 1 8 6
14:47:28.170801] inept tafias suet footy hijack jager helloes
14:47:28.413801] toluate mughal tole
14:47:29.547801] laver rebbe bice ope lis na lot rowers goban rule
14:47:29.695801] Statistics: 15 11 5 17 10
14:47:30.754801] barber stoned frow apps ma ha few cowboys arbs
14:47:30.942801] pumped ox thru dorks pulp
14:47:31.488801] trod ask kasbah oscular doxy pave worked flyted
14:47:32.662801] fen ye soys eh
14:47:33.003801] kor bush fuggy de extols loury
14:47:33.156801] milpas blinder plew didos caliph widders us jags gawked bos
14:47:33.175801] nap punky tabulis ut heeze ae
14:47:33.411801] mete fugus onus hi bicorns emu
14:47:33.648801] gingili blesses cos
14:47:34.274801] jury drinker sau dackers amylic bulgier ya kay
14:47:35.226801] es cargo tostada
14:47:35.807801] aril bevor koumis foyers palmers none soya snout driver
14:47:36.692801] naevoid zek be bulge ankh of envoi jo of daubery
14:47:37.526801] nob reseize eloign impalas uranic spica cynical rugal
14:47:38.025801] whig thy warped vie months
14:47:38.990801] hm alt suq me plumb iodic paws glint uncomic absurds
14:47:39.252801] yowl angers paulins mity hons lippen my duh
14:47:39.676801] doozy temp glowfly arbored lories kobos weir unspent elk kaf
14:47:40.491801] pip homes iff chider conge uta
14:47:40.626801] cookie pe cumshaw hae anodic ed spicae
14:47:41.926801] cesium cragged ruffly de stirs ken bima palpi
14:47:42.993801] chirres coeloms popper
14:47:44.138801] miss oak imp string mo exults triune skeptic hurtful mu
14:47:44.579801] enwombs rheme ostium kindest ham
14:47:44.865801] jee pashing ovisac abulic ware hissed formic six
14:47:45.539801] no youth berated cine ta semes anis anemic ag leu
14:47:46.143801] mi meddle ruddily righter xu mo zilches mat stick as
14:47:47.260801] reprobe piles mon gaggled cum pardahs it myc yow nim
14:47:48.281801] ki boing en etude
14:47:49.163801] pumas it sade ays wud nu pe
14:47:50.050801] allegro bag benomyl cache
14:47:50.643801] do qi sh mm caird emperor un
14:47:50.961801] absurd herm hid blotty sour be xysti pattie sahib
14:47:51.961801] stinks pleb lugsail
14:47:52.729801] prats menaced waftage nixes dray bile antae wetly reap
14:47:53.516801] odor untwist woven robot toused
14:47:54.714801] visor wit bade goy glover rococo
14:47:55.603801] moths aga item damn splosh pyritic sericin ouzo
14:47:57.096801] grees skeets want yeas tauted bath rubiest aa
14:47:58.298801] mos strait soup begged barmy gas
14:47:58.443801] si adsorb groats bub
14:47:58.498801] tossed muskie bezel wauk day al doolie
14:47:59.363801] eek haar tattie dog immured alts to amidone rosined
14:47:59.814801] scourge duddie likened pap broils diffs
14:48:00.137801] blob ripper orc potsie
14:48:00.950801] news jacal dogging whoosh
14:48:01.379801] kobolds resets clomps its
14:48:02.536801] gum sered grouter li wo aghas
14:48:03.449801] gaff lubric mallee due wo carps ye tarrier
14:48:04.909801] emoting wees xu
14:48:05.116801] odalisk ho shah
14:48:06.328801] geisha bias ai five long skean strut avo
14:48:07.244801] aw key ides spare blest cham he wo ort
14:48:07.894801] clonk ruder felid
14:48:08.979801] sops jarveys to lee hefter ki
14:48:10.021801] gruel tis waged
14:48:10.277801] paw ho ae satanic lea
14:48:10.719801] envy jibber bogy ho ae
14:48:11.787801] repeal delft enliven outshot my
14:48:13.058801] image up code anchors unzip aphonic
14:48:14.281801] iffy syces ad larkish ed dims polecat smug
14:48:15.249801] loggy cuts phenols
14:48:15.729801] iodic otiose defuze vair fen markas army
14:48:15.837801] ki alkyds prey ya replot
14:48:16.348801] am pewit fit statues et
14:48:16.693801] Statistics: 19 8 1 15 20
14:48:17.425801] delt vocally swabs wiggler
14:48:18.493801] row holt saices
14:48:19.727801] Statistics: 20 12 5 20 9
14:48:20.725801] ta talcs cis
