14:45:50.172934] ab ex noels doat
14:45:51.445934] zig jowar oh fop ubique did buhl dowsing coleus
14:45:51.620934] mace aimers gads
14:45:52.751934] cursors wad pika lo mor daubed wert xylems duce
14:45:53.616934] ax scoot khedas kindle xi era duff jo darker
14:45:54.218934] he etas law crazier reeler oat
14:45:54.304934] odd adultly mod aid sycees
14:45:55.207934] bucko brushup prutah
14:45:56.704934] pox pacify thinly exapted
14:45:57.820934] heughs utter birched blame seis oi zonks muzhiks inweave geed
14:45:58.560934] froze friths gul outadds biped easeled sequoia oak kick
14:45:59.061934] loci flu bota omit cyber lax
14:46:00.211934] tarsal sault facts truancy call rei en
14:46:00.605934] tao it teens on cleek gulfed goateed loci
14:46:01.388934] ridgy sanjaks arraign fudge zees illy fe myopies told drainer
14:46:01.705934] lavage dory vig pine tined gust beagle ba fem
14:46:03.111934] aglow sendoff soms duck em deplete cormels wish kex na
14:46:03.852934] pics flutey face was mac
14:46:04.924934] fits kab huh to oases skew shogi
14:46:05.579934] usuries plumps soy sris us
14:46:06.269934] od de ski om ram fossick wrote chitter no
14:46:06.762934] crowner fems goos palsy mor pails riots pi
14:46:08.030934] eyras yay nit necker terms
14:46:09.076934] abuse upcurl rackful
14:46:10.558934] visited finical mincer lardons ors al inn nu do
14:46:11.974934] kyak veiner teas merlon choroid sleds duns redub ceres
14:46:13.258934] map bassly jaw cola wimp yirrs yo augite
14:46:14.188934] waging unstops es hm tapa
14:46:15.159934] lived dory goos leers cee splat kop ops fiche pee
14:46:15.853934] ma kurta egal
14:46:17.036934] wo fumy prossie becket neist soddy lush ye sows
14:46:17.603934] mel tora vainly wited goy plop opt wormer ferule
14:46:18.421934] haulage syn hub loopily fe nidi
14:46:19.736934] engirt meeter ya broomed ne aal eh sporule
14:46:20.774934] torsos kis nesting lier spun sidemen shogs
14:46:22.145934] Statistics: 17 20 14 10 19
14:46:23.045934] pinyons abohm locos dimwit rectal
14:46:23.443934] ax gamut immane potsie equate
14:46:23.600934] al wiles ax ad loper
14:46:23.996934] ay stots winy it janitor nudzhes
14:46:24.324934] maw eths stiver runnier versify aureole eau mead
14:46:24.361934] unify snout salvia eyne jaup have shocked shays
14:46:24.758934] nae sweeter be ha tapetum un ulu recurs mic mages
14:46:26.200934] feeb waffled gaums east ego
14:46:26.237934] aft nos hirers azide my grow
14:46:26.302934] doc urinose rya me
14:46:26.563934] meth arums pe graphs concord buff
14:46:27.548934] Statistics: 5 16 10 12 8
14:46:27.887934] dirtied on oriel cobias for
14:46:28.975934] ay vum duumvir beys buzzwig testers
14:46:30.123934] myotics noticer seeling ouzos umm ad dap it
14:46:31.060934] purine unwraps ouds aunts forth el signora pub extort topos
14:46:32.213934] uptoss frieze area teeth seely lucerns et
14:46:33.709934] do ut rho ar
14:46:34.205934] snarl heh mamluks gavel callet jun mil
14:46:35.284934] trills dies pretax seviche leke dui
14:46:35.631934] moonbow asp tizzy keg demits kat denning fat post hep
14:46:36.755934] glob sacked it ay vows tony creels
14:46:37.730934] emotes eh aas add
14:46:38.976934] do reft exonym dot
14:46:40.445934] yob snip odyle uts minimax sebums hums geegaw
14:46:41.316934] fems bo deaths
14:46:42.570934] ho recon fulling
14:46:43.798934] Statistics: 0 7 8 2 11
14:46:44.144934] pub imids jag dopy um
14:46:44.269934] nervy jew durian bunn ay druse
14:46:45.012934] boll ae neuk
14:46:45.748934] resow rift decodes un
14:46:47.034934] cowy mice broo enchain maw
14:46:47.904934] toeshoe suffer cager heaumes cob new mo ow drama cosiest
14:46:49.387934] we dolma peddle jet mm alar gudgeon xi
14:46:50.701934] rearms blesses el bistros berk unroven hi curragh
14:46:51.740934] un tzuris ghi
14:46:52.663934] my kits hank
14:46:53.967934] wasp or odors am sorted
14:46:55.013934] visas uh plinth ef
14:46:55.518934] mog hotch gid porch churl lee farl
14:46:56.880934] ekes xu lych flexor embassy twa tikis naff
14:46:58.357934] lysine pa gremmy
14:46:59.665934] chewy vie ghi sight ten
14:47:00.392934] tug ptisan myopies kill bismuth coopers sultry blocks ors pecky
14:47:01.251934] easily plaudit boats hottest fib
14:47:02.487934] alas twilled fid persons pa grid or
14:47:02.802934] pa rue verbs laded sh
14:47:04.079934] gemma ar awny ag zag oi bo
14:47:04.933934] duels poilu horahs cholo grad hookah damnify bo sim
14:47:06.354934] urp paeon due olio whams wyes swinge into
14:47:07.711934] mity cob ne xu durion burbs it fan
14:47:07.753934] dap clinks shading oh ought jurists toque pa lytic cinder
14:47:08.304934] baling motion hell goosey
14:47:08.497934] brogues dad id titled
14:47:08.877934] glum lop smiley momisms alp yuga
14:47:09.415934] senhors spit bribe manlily ley stew an
14:47:09.479934] hinny raps ors tori tip airward pily huh
14:47:10.499934] scrimp weir swoops gemsbok polaron
14:47:11.380934] dynast evite askew whaled curate tea
14:47:11.784934] hears isle boney ionized gypsum pian ne my amylene
14:47:11.998934] lip mama pinks yar insists heils baric ai
14:47:12.826934] si lints pelitic give is
14:47:13.174934] yuppify callets ex goaling ai
14:47:13.378934] bolder rooky tipi cistus
14:47:14.865934] schwa soms own cep byssus an vowel op turban anodic
14:47:14.924934] conduct fable ava diva duck skim eardrum
14:47:15.810934] pere sidling barny ad kanes me bonuses nu nils
14:47:15.886934] Statistics: 16 19 5 17 2
14:47:16.988934] chevy dries in hay spy zooned pech dykes crocein
14:47:18.147934] dobro dona tates graters cagy
14:47:18.240934] torsade abulia datary slier jo arbors lubed xi rurally
14:47:19.627934] mae gyms allonge ta amnic
14:47:20.027934] italic tinned mun nopal healer bear poop
14:47:20.885934] tressy racoons gorms neg shiny echoes fanion aa
14:47:20.960934] jowls all period ae
14:47:21.563934] stulls konks so cox daubing pets kayaks
14:47:21.733934] hanger amyloid rye airmail dows tours tutu doby
14:47:22.133934] Statistics: 5 5 9 12 17
14:47:23.280934] hexyl coude otolith et tall
14:47:23.326934] fes frills kibbe latens voudoun el ode dak
14:47:23.484934] Statistics: 13 17 11 9 18
14:47:24.981934] fellers pst assess sub ados spiny spirem na ilia ta
14:47:25.474934] za lee sec gat re war
14:47:26.582934] bluff bowls ode paean jucos trog mod kab threeps
14:47:27.301934] fixity ka allay retimes ba brr rag
14:47:28.585934] Statistics: 0 19 9 5 13
14:47:29.907934] moas beg irk baleens slavery minced ow slopes halibut biz
14:47:30.391934] corpse fa married re almahs valse tided log
14:47:31.031934] gambado go bumfs futz ed
14:47:31.384934] wiser auxin gustier venus sypher wagging ate
14:47:31.704934] dibbuk xu umped yashmak
14:47:32.949934] sord portray ache clinks mewls
14:47:34.069934] incher rasped aroints octan oy jerkins rickety
14:47:35.547934] shy dishy fobs coirs cancers hirees koph us nod qurush
